2023-10-26 13:10:58,503 [Worker-2: Loading available Gradle versions] INFO  o.e.b.c.i.u.g.PublishedGradleVersions - Gradle version information cache is up-to-date. Trying to read.
2023-10-26 13:11:03,417 [Worker-9: Updating Maven Dependencies] INFO  o.e.m.c.i.l.LifecycleMappingFactory - Using org.eclipse.m2e.jdt.JarLifecycleMapping lifecycle mapping for MavenProject: org.Ramesh.Reddy:Init_Method:0.0.1-SNAPSHOT @ D:\Java Work Space\Springs________2\Init_Method\pom.xml.
2023-10-26 13:11:03,870 [Worker-9: Updating Maven Dependencies] INFO  o.e.m.c.i.l.LifecycleMappingFactory - Using org.eclipse.m2e.jdt.JarLifecycleMapping lifecycle mapping for MavenProject: org.Ramesh.Reddy:Depemdency_injection_Using_Constuctor_With_Xml:0.0.1-SNAPSHOT @ D:\Java Work Space\Springs________2\Depemdency_injection_Using_Constuctor_With_Xml\pom.xml.
2023-10-26 13:11:09,886 [Worker-14: Building] INFO  o.e.m.c.i.l.LifecycleMappingFactory - Using org.eclipse.m2e.jdt.JarLifecycleMapping lifecycle mapping for MavenProject: org.Stereotype:Bean_Annotation:0.0.1-SNAPSHOT @ D:\Java Work Space\Springs________2\Bean_Annotation\pom.xml.
2023-10-26 13:11:11,468 [Worker-21: Updating Maven Project] INFO  o.e.m.c.i.p.ProjectConfigurationManager - Update started
2023-10-26 13:11:11,607 [Worker-21: Updating Maven Project] INFO  o.e.m.c.i.l.LifecycleMappingFactory - Using org.eclipse.m2e.jdt.JarLifecycleMapping lifecycle mapping for MavenProject: org.Stereotype:Bean_Annotation:0.0.1-SNAPSHOT @ D:\Java Work Space\Springs________2\Bean_Annotation\pom.xml.
2023-10-26 13:11:11,981 [Worker-21: Updating Maven Project] INFO  o.e.m.j.i.AbstractJavaProjectConfigurator - Adding source folder /Bean_Annotation/src/main/java
2023-10-26 13:11:11,982 [Worker-21: Updating Maven Project] INFO  o.e.m.j.i.AbstractJavaProjectConfigurator - Adding resource folder /Bean_Annotation/src/main/resources
2023-10-26 13:11:11,984 [Worker-21: Updating Maven Project] INFO  o.e.m.j.i.AbstractJavaProjectConfigurator - Adding source folder /Bean_Annotation/src/test/java
2023-10-26 13:11:11,985 [Worker-21: Updating Maven Project] INFO  o.e.m.j.i.AbstractJavaProjectConfigurator - Adding resource folder /Bean_Annotation/src/test/resources
2023-10-26 13:11:12,506 [Worker-21: Updating Maven Project] INFO  o.e.m.c.i.p.ProjectConfigurationManager - Update completed for 1 poms: local refresh takes 0.00 sec, refresh facades takes 0.00 sec, update config takes 0.00 sec 
2023-10-26 13:11:12,770 [Worker-13: Building] WARN  o.a.m.s.f.DefaultMavenResourcesFiltering - Using platform encoding (Cp1252 actually) to copy filtered resources, i.e. build is platform dependent!
2023-10-26 13:11:12,781 [Worker-13: Building] INFO  o.a.m.s.f.DefaultMavenResourcesFiltering - Copying 0 resource from src\main\resources to target\classes
2023-10-26 13:11:12,789 [Worker-13: Building] WARN  o.a.m.s.f.DefaultMavenResourcesFiltering - Using platform encoding (Cp1252 actually) to copy filtered resources, i.e. build is platform dependent!
2023-10-26 13:11:12,791 [Worker-13: Building] INFO  o.a.m.s.f.DefaultMavenResourcesFiltering - Copying 0 resource from src\test\resources to target\test-classes
2023-10-26 13:11:13,225 [Worker-9: Updating Maven Dependencies] INFO  o.e.m.c.i.l.LifecycleMappingFactory - Using org.maven.ide.eclipse.wtp.WarLifecycleMapping lifecycle mapping for MavenProject: org.jsp:Spring-demo:1.4 @ D:\Java Work Space\Springs________2\Spring-demo\pom.xml.
2023-10-26 13:11:13,666 [Worker-13: Building] INFO  o.e.m.c.i.l.LifecycleMappingFactory - Using org.eclipse.m2e.jdt.JarLifecycleMapping lifecycle mapping for MavenProject: org.siva.savithri:Collection_Injections:0.0.1-SNAPSHOT @ D:\Java Work Space\Springs________2\Collection_Injections\pom.xml.
2023-10-26 13:11:14,217 [Worker-20: Updating Maven Project] INFO  o.e.m.c.i.p.ProjectConfigurationManager - Update started
2023-10-26 13:11:14,355 [Worker-20: Updating Maven Project] INFO  o.e.m.c.i.l.LifecycleMappingFactory - Using org.eclipse.m2e.jdt.JarLifecycleMapping lifecycle mapping for MavenProject: org.siva.savithri:Collection_Injections:0.0.1-SNAPSHOT @ D:\Java Work Space\Springs________2\Collection_Injections\pom.xml.
2023-10-26 13:11:14,558 [Worker-20: Updating Maven Project] INFO  o.e.m.j.i.AbstractJavaProjectConfigurator - Adding source folder /Collection_Injections/src/main/java
2023-10-26 13:11:14,558 [Worker-20: Updating Maven Project] INFO  o.e.m.j.i.AbstractJavaProjectConfigurator - Adding resource folder /Collection_Injections/src/main/resources
2023-10-26 13:11:14,559 [Worker-20: Updating Maven Project] INFO  o.e.m.j.i.AbstractJavaProjectConfigurator - Adding source folder /Collection_Injections/src/test/java
2023-10-26 13:11:14,560 [Worker-20: Updating Maven Project] INFO  o.e.m.j.i.AbstractJavaProjectConfigurator - Adding resource folder /Collection_Injections/src/test/resources
2023-10-26 13:11:14,813 [Worker-20: Updating Maven Project] INFO  o.e.m.c.i.p.ProjectConfigurationManager - Update completed for 1 poms: local refresh takes 0.00 sec, refresh facades takes 0.00 sec, update config takes 0.00 sec 
2023-10-26 13:11:15,124 [Worker-8: Building] WARN  o.a.m.s.f.DefaultMavenResourcesFiltering - Using platform encoding (Cp1252 actually) to copy filtered resources, i.e. build is platform dependent!
2023-10-26 13:11:15,126 [Worker-8: Building] INFO  o.a.m.s.f.DefaultMavenResourcesFiltering - Copying 0 resource from src\main\resources to target\classes
2023-10-26 13:11:15,132 [Worker-8: Building] WARN  o.a.m.s.f.DefaultMavenResourcesFiltering - Using platform encoding (Cp1252 actually) to copy filtered resources, i.e. build is platform dependent!
2023-10-26 13:11:15,135 [Worker-8: Building] INFO  o.a.m.s.f.DefaultMavenResourcesFiltering - Copying 0 resource from src\test\resources to target\test-classes
2023-10-26 13:11:15,586 [Worker-8: Building] INFO  o.e.m.c.i.l.LifecycleMappingFactory - Using org.eclipse.m2e.jdt.JarLifecycleMapping lifecycle mapping for MavenProject: org.Ramesh.Reddy:Depemdency_injection_Using_Constuctor_With_Xml:0.0.1-SNAPSHOT @ D:\Java Work Space\Springs________2\Depemdency_injection_Using_Constuctor_With_Xml\pom.xml.
2023-10-26 13:11:16,016 [Worker-8: Building] INFO  o.e.m.c.i.l.LifecycleMappingFactory - Using org.eclipse.m2e.jdt.JarLifecycleMapping lifecycle mapping for MavenProject: org.Ramesh:Dependency_Injection_Using_Annotation:0.0.1-SNAPSHOT @ D:\Java Work Space\Springs________2\Dependency_Injection_Using_Annotation\pom.xml.
2023-10-26 13:11:16,460 [Worker-8: Building] INFO  o.e.m.c.i.l.LifecycleMappingFactory - Using org.eclipse.m2e.jdt.JarLifecycleMapping lifecycle mapping for MavenProject: org.Ramesh.Reddy:Init_Method:0.0.1-SNAPSHOT @ D:\Java Work Space\Springs________2\Init_Method\pom.xml.
2023-10-26 13:11:16,648 [Worker-10: Updating Maven Project] INFO  o.e.m.c.i.p.ProjectConfigurationManager - Update started
2023-10-26 13:11:16,790 [Worker-10: Updating Maven Project] INFO  o.e.m.c.i.l.LifecycleMappingFactory - Using org.eclipse.m2e.jdt.JarLifecycleMapping lifecycle mapping for MavenProject: org.Ramesh.Reddy:Depemdency_injection_Using_Constuctor_With_Xml:0.0.1-SNAPSHOT @ D:\Java Work Space\Springs________2\Depemdency_injection_Using_Constuctor_With_Xml\pom.xml.
2023-10-26 13:11:16,890 [Worker-10: Updating Maven Project] INFO  o.e.m.c.i.l.LifecycleMappingFactory - Using org.eclipse.m2e.jdt.JarLifecycleMapping lifecycle mapping for MavenProject: org.Ramesh:Dependency_Injection_Using_Annotation:0.0.1-SNAPSHOT @ D:\Java Work Space\Springs________2\Dependency_Injection_Using_Annotation\pom.xml.
2023-10-26 13:11:17,065 [Worker-10: Updating Maven Project] INFO  o.e.m.j.i.AbstractJavaProjectConfigurator - Adding source folder /Depemdency_injection_Using_Constuctor_With_Xml/src/main/java
2023-10-26 13:11:17,066 [Worker-10: Updating Maven Project] INFO  o.e.m.j.i.AbstractJavaProjectConfigurator - Adding resource folder /Depemdency_injection_Using_Constuctor_With_Xml/src/main/resources
2023-10-26 13:11:17,067 [Worker-10: Updating Maven Project] INFO  o.e.m.j.i.AbstractJavaProjectConfigurator - Adding source folder /Depemdency_injection_Using_Constuctor_With_Xml/src/test/java
2023-10-26 13:11:17,067 [Worker-10: Updating Maven Project] INFO  o.e.m.j.i.AbstractJavaProjectConfigurator - Adding resource folder /Depemdency_injection_Using_Constuctor_With_Xml/src/test/resources
2023-10-26 13:11:17,199 [Worker-10: Updating Maven Project] INFO  o.e.m.j.i.AbstractJavaProjectConfigurator - Adding source folder /Dependency_Injection_Using_Annotation/src/main/java
2023-10-26 13:11:17,199 [Worker-10: Updating Maven Project] INFO  o.e.m.j.i.AbstractJavaProjectConfigurator - Adding resource folder /Dependency_Injection_Using_Annotation/src/main/resources
2023-10-26 13:11:17,200 [Worker-10: Updating Maven Project] INFO  o.e.m.j.i.AbstractJavaProjectConfigurator - Adding source folder /Dependency_Injection_Using_Annotation/src/test/java
2023-10-26 13:11:17,201 [Worker-10: Updating Maven Project] INFO  o.e.m.j.i.AbstractJavaProjectConfigurator - Adding resource folder /Dependency_Injection_Using_Annotation/src/test/resources
2023-10-26 13:11:17,407 [Worker-10: Updating Maven Project] INFO  o.e.m.c.i.p.ProjectConfigurationManager - Update completed for 2 poms: local refresh takes 0.00 sec, refresh facades takes 0.00 sec, update config takes 0.00 sec 
2023-10-26 13:11:17,413 [Worker-5: Updating Maven Project] INFO  o.e.m.c.i.p.ProjectConfigurationManager - Update started
2023-10-26 13:11:17,531 [Worker-5: Updating Maven Project] INFO  o.e.m.c.i.l.LifecycleMappingFactory - Using org.eclipse.m2e.jdt.JarLifecycleMapping lifecycle mapping for MavenProject: org.Ramesh.Reddy:Init_Method:0.0.1-SNAPSHOT @ D:\Java Work Space\Springs________2\Init_Method\pom.xml.
2023-10-26 13:11:17,683 [Worker-5: Updating Maven Project] INFO  o.e.m.j.i.AbstractJavaProjectConfigurator - Adding source folder /Init_Method/src/main/java
2023-10-26 13:11:17,684 [Worker-5: Updating Maven Project] INFO  o.e.m.j.i.AbstractJavaProjectConfigurator - Adding resource folder /Init_Method/src/main/resources
2023-10-26 13:11:17,685 [Worker-5: Updating Maven Project] INFO  o.e.m.j.i.AbstractJavaProjectConfigurator - Adding source folder /Init_Method/src/test/java
2023-10-26 13:11:17,685 [Worker-5: Updating Maven Project] INFO  o.e.m.j.i.AbstractJavaProjectConfigurator - Adding resource folder /Init_Method/src/test/resources
2023-10-26 13:11:17,869 [Worker-5: Updating Maven Project] INFO  o.e.m.c.i.p.ProjectConfigurationManager - Update completed for 1 poms: local refresh takes 0.00 sec, refresh facades takes 0.00 sec, update config takes 0.00 sec 
2023-10-26 13:11:18,075 [Worker-1: Building] WARN  o.a.m.s.f.DefaultMavenResourcesFiltering - Using platform encoding (Cp1252 actually) to copy filtered resources, i.e. build is platform dependent!
2023-10-26 13:11:18,077 [Worker-1: Building] INFO  o.a.m.s.f.DefaultMavenResourcesFiltering - Copying 0 resource from src\main\resources to target\classes
2023-10-26 13:11:18,082 [Worker-1: Building] WARN  o.a.m.s.f.DefaultMavenResourcesFiltering - Using platform encoding (Cp1252 actually) to copy filtered resources, i.e. build is platform dependent!
2023-10-26 13:11:18,084 [Worker-1: Building] INFO  o.a.m.s.f.DefaultMavenResourcesFiltering - Copying 0 resource from src\test\resources to target\test-classes
2023-10-26 13:11:18,195 [Worker-1: Building] WARN  o.a.m.s.f.DefaultMavenResourcesFiltering - Using platform encoding (Cp1252 actually) to copy filtered resources, i.e. build is platform dependent!
2023-10-26 13:11:18,197 [Worker-1: Building] INFO  o.a.m.s.f.DefaultMavenResourcesFiltering - Copying 0 resource from src\main\resources to target\classes
2023-10-26 13:11:18,201 [Worker-1: Building] WARN  o.a.m.s.f.DefaultMavenResourcesFiltering - Using platform encoding (Cp1252 actually) to copy filtered resources, i.e. build is platform dependent!
2023-10-26 13:11:18,203 [Worker-1: Building] INFO  o.a.m.s.f.DefaultMavenResourcesFiltering - Copying 0 resource from src\test\resources to target\test-classes
2023-10-26 13:11:18,316 [Worker-1: Building] WARN  o.a.m.s.f.DefaultMavenResourcesFiltering - Using platform encoding (Cp1252 actually) to copy filtered resources, i.e. build is platform dependent!
2023-10-26 13:11:18,318 [Worker-1: Building] INFO  o.a.m.s.f.DefaultMavenResourcesFiltering - Copying 0 resource from src\main\resources to target\classes
2023-10-26 13:11:18,322 [Worker-1: Building] WARN  o.a.m.s.f.DefaultMavenResourcesFiltering - Using platform encoding (Cp1252 actually) to copy filtered resources, i.e. build is platform dependent!
2023-10-26 13:11:18,324 [Worker-1: Building] INFO  o.a.m.s.f.DefaultMavenResourcesFiltering - Copying 0 resource from src\test\resources to target\test-classes
2023-10-26 13:11:18,654 [Worker-1: Building] INFO  o.e.m.c.i.l.LifecycleMappingFactory - Using org.eclipse.m2e.jdt.JarLifecycleMapping lifecycle mapping for MavenProject: org.Ramesh:Primary_Annotation:0.0.1-SNAPSHOT @ D:\Java Work Space\Springs________2\Primary_Annotation\pom.xml.
2023-10-26 13:11:19,434 [Worker-1: Building] INFO  o.e.m.c.i.l.LifecycleMappingFactory - Using org.maven.ide.eclipse.wtp.WarLifecycleMapping lifecycle mapping for MavenProject: org.jsp:Spring-demo:1.4 @ D:\Java Work Space\Springs________2\Spring-demo\pom.xml.
2023-10-26 13:11:23,320 [Worker-26: Updating Maven Project] INFO  o.e.m.c.i.p.ProjectConfigurationManager - Update started
2023-10-26 13:11:23,427 [Worker-26: Updating Maven Project] INFO  o.e.m.c.i.l.LifecycleMappingFactory - Using org.eclipse.m2e.jdt.JarLifecycleMapping lifecycle mapping for MavenProject: org.Ramesh:Primary_Annotation:0.0.1-SNAPSHOT @ D:\Java Work Space\Springs________2\Primary_Annotation\pom.xml.
2023-10-26 13:11:23,559 [Worker-26: Updating Maven Project] INFO  o.e.m.j.i.AbstractJavaProjectConfigurator - Adding source folder /Primary_Annotation/src/main/java
2023-10-26 13:11:23,560 [Worker-26: Updating Maven Project] INFO  o.e.m.j.i.AbstractJavaProjectConfigurator - Adding resource folder /Primary_Annotation/src/main/resources
2023-10-26 13:11:23,561 [Worker-26: Updating Maven Project] INFO  o.e.m.j.i.AbstractJavaProjectConfigurator - Adding source folder /Primary_Annotation/src/test/java
2023-10-26 13:11:23,561 [Worker-26: Updating Maven Project] INFO  o.e.m.j.i.AbstractJavaProjectConfigurator - Adding resource folder /Primary_Annotation/src/test/resources
2023-10-26 13:11:23,790 [Worker-26: Updating Maven Project] INFO  o.e.m.c.i.p.ProjectConfigurationManager - Update completed for 1 poms: local refresh takes 0.00 sec, refresh facades takes 0.00 sec, update config takes 0.00 sec 
2023-10-26 13:11:23,825 [Worker-3: Updating Maven Project] INFO  o.e.m.c.i.p.ProjectConfigurationManager - Update started
2023-10-26 13:11:24,263 [Worker-12: Updating Maven Dependencies] INFO  o.e.m.c.i.l.LifecycleMappingFactory - Using org.eclipse.m2e.jdt.JarLifecycleMapping lifecycle mapping for MavenProject: org.Ramesh.Reddy:Init_Method:0.0.1-SNAPSHOT @ D:\Java Work Space\Springs________2\Init_Method\pom.xml.
2023-10-26 13:11:24,612 [Worker-3: Updating Maven Project] INFO  o.e.m.c.i.l.LifecycleMappingFactory - Using org.maven.ide.eclipse.wtp.WarLifecycleMapping lifecycle mapping for MavenProject: org.jsp:Spring-demo:1.4 @ D:\Java Work Space\Springs________2\Spring-demo\pom.xml.
2023-10-26 13:11:26,830 [Worker-27: Updating Maven Dependencies] INFO  o.e.m.c.i.l.LifecycleMappingFactory - Using org.eclipse.m2e.jdt.JarLifecycleMapping lifecycle mapping for MavenProject: org.Ramesh.Reddy:Init_Method:0.0.1-SNAPSHOT @ D:\Java Work Space\Springs________2\Init_Method\pom.xml.
2023-10-26 13:11:26,877 [Worker-3: Updating Maven Project] INFO  o.e.m.j.i.AbstractJavaProjectConfigurator - Adding source folder /Spring-demo/src/main/java
2023-10-26 13:11:26,878 [Worker-3: Updating Maven Project] INFO  o.e.m.j.i.AbstractJavaProjectConfigurator - Adding resource folder /Spring-demo/src/main/resources
2023-10-26 13:11:26,878 [Worker-3: Updating Maven Project] INFO  o.e.m.j.i.AbstractJavaProjectConfigurator - Adding source folder /Spring-demo/src/test/java
2023-10-26 13:11:26,879 [Worker-3: Updating Maven Project] INFO  o.e.m.j.i.AbstractJavaProjectConfigurator - Adding resource folder /Spring-demo/src/test/resources
2023-10-26 13:11:26,986 [Worker-27: Updating Maven Dependencies] INFO  o.e.m.c.i.l.LifecycleMappingFactory - Using org.eclipse.m2e.jdt.JarLifecycleMapping lifecycle mapping for MavenProject: org.Ramesh.Reddy:Depemdency_injection_Using_Constuctor_With_Xml:0.0.1-SNAPSHOT @ D:\Java Work Space\Springs________2\Depemdency_injection_Using_Constuctor_With_Xml\pom.xml.
2023-10-26 13:11:27,631 [Worker-27: Updating Maven Dependencies] INFO  o.e.m.c.i.l.LifecycleMappingFactory - Using org.maven.ide.eclipse.wtp.WarLifecycleMapping lifecycle mapping for MavenProject: org.jsp:Spring-demo:1.4 @ D:\Java Work Space\Springs________2\Spring-demo\pom.xml.
2023-10-26 13:11:28,056 [Worker-27: Updating Maven Dependencies] INFO  o.e.m.c.i.l.LifecycleMappingFactory - Using org.eclipse.m2e.jdt.JarLifecycleMapping lifecycle mapping for MavenProject: org.Ramesh:Spring_Dependency_Injection:0.0.1-SNAPSHOT @ D:\Java Work Space\Springs________2\Spring_Dependency_Injection\pom.xml.
2023-10-26 13:11:28,159 [Worker-27: Updating Maven Dependencies] INFO  o.e.m.c.i.l.LifecycleMappingFactory - Using org.eclipse.m2e.jdt.JarLifecycleMapping lifecycle mapping for MavenProject: org.Stereotype:Bean_Annotation:0.0.1-SNAPSHOT @ D:\Java Work Space\Springs________2\Bean_Annotation\pom.xml.
2023-10-26 13:11:28,251 [Worker-27: Updating Maven Dependencies] INFO  o.e.m.c.i.l.LifecycleMappingFactory - Using org.eclipse.m2e.jdt.JarLifecycleMapping lifecycle mapping for MavenProject: org.Ramesh:Dependency_Injection_Using_Annotation:0.0.1-SNAPSHOT @ D:\Java Work Space\Springs________2\Dependency_Injection_Using_Annotation\pom.xml.
2023-10-26 13:11:28,353 [Worker-27: Updating Maven Dependencies] INFO  o.e.m.c.i.l.LifecycleMappingFactory - Using org.eclipse.m2e.jdt.JarLifecycleMapping lifecycle mapping for MavenProject: org.Ramesh:Primary_Annotation:0.0.1-SNAPSHOT @ D:\Java Work Space\Springs________2\Primary_Annotation\pom.xml.
2023-10-26 13:11:28,485 [Worker-27: Updating Maven Dependencies] INFO  o.e.m.c.i.l.LifecycleMappingFactory - Using org.eclipse.m2e.jdt.JarLifecycleMapping lifecycle mapping for MavenProject: org.siva.savithri:Collection_Injections:0.0.1-SNAPSHOT @ D:\Java Work Space\Springs________2\Collection_Injections\pom.xml.
2023-10-26 13:11:28,516 [Worker-3: Updating Maven Project] INFO  o.e.m.w.i.f.ResourceFilteringBuildParticipant - Cleaning filtered folder for Spring-demo
2023-10-26 13:11:28,547 [Worker-3: Updating Maven Project] INFO  o.e.m.c.i.p.ProjectConfigurationManager - Update completed for 1 poms: local refresh takes 0.00 sec, refresh facades takes 1.00 sec, update config takes 2.00 sec 
2023-10-26 13:11:28,624 [Worker-27: Updating Maven Dependencies] INFO  o.e.m.c.i.l.LifecycleMappingFactory - Using org.eclipse.m2e.jdt.JarLifecycleMapping lifecycle mapping for MavenProject: org.ramesh.reddy:User_Application_Project:0.0.1-SNAPSHOT @ D:\Java Work Space\Springs________2\User_Application_Project\pom.xml.
2023-10-26 13:11:31,258 [Worker-16: Updating Maven Project] INFO  o.e.m.c.i.p.ProjectConfigurationManager - Update started
2023-10-26 13:11:31,382 [Worker-16: Updating Maven Project] INFO  o.e.m.c.i.l.LifecycleMappingFactory - Using org.eclipse.m2e.jdt.JarLifecycleMapping lifecycle mapping for MavenProject: org.Ramesh:Spring_Dependency_Injection:0.0.1-SNAPSHOT @ D:\Java Work Space\Springs________2\Spring_Dependency_Injection\pom.xml.
2023-10-26 13:11:31,700 [Worker-16: Updating Maven Project] INFO  o.e.m.j.i.AbstractJavaProjectConfigurator - Adding source folder /Spring_Dependency_Injection/src/main/java
2023-10-26 13:11:31,700 [Worker-16: Updating Maven Project] INFO  o.e.m.j.i.AbstractJavaProjectConfigurator - Adding resource folder /Spring_Dependency_Injection/src/main/resources
2023-10-26 13:11:31,701 [Worker-16: Updating Maven Project] INFO  o.e.m.j.i.AbstractJavaProjectConfigurator - Adding source folder /Spring_Dependency_Injection/src/test/java
2023-10-26 13:11:31,701 [Worker-16: Updating Maven Project] INFO  o.e.m.j.i.AbstractJavaProjectConfigurator - Adding resource folder /Spring_Dependency_Injection/src/test/resources
2023-10-26 13:11:31,961 [Worker-16: Updating Maven Project] INFO  o.e.m.c.i.p.ProjectConfigurationManager - Update completed for 1 poms: local refresh takes 0.00 sec, refresh facades takes 0.00 sec, update config takes 0.00 sec 
2023-10-26 13:11:31,971 [Worker-16: Updating Maven Project] INFO  o.e.m.c.i.p.ProjectConfigurationManager - Update started
2023-10-26 13:11:32,228 [Worker-16: Updating Maven Project] INFO  o.e.m.c.i.l.LifecycleMappingFactory - Using org.eclipse.m2e.jdt.JarLifecycleMapping lifecycle mapping for MavenProject: org.Ramesh:Spring_Dependency_Injection:0.0.1-SNAPSHOT @ D:\Java Work Space\Springs________2\Spring_Dependency_Injection\pom.xml.
2023-10-26 13:11:32,535 [Worker-16: Updating Maven Project] INFO  o.e.m.j.i.AbstractJavaProjectConfigurator - Adding source folder /Spring_Dependency_Injection/src/main/java
2023-10-26 13:11:32,536 [Worker-16: Updating Maven Project] INFO  o.e.m.j.i.AbstractJavaProjectConfigurator - Adding resource folder /Spring_Dependency_Injection/src/main/resources
2023-10-26 13:11:32,537 [Worker-16: Updating Maven Project] INFO  o.e.m.j.i.AbstractJavaProjectConfigurator - Adding source folder /Spring_Dependency_Injection/src/test/java
2023-10-26 13:11:32,537 [Worker-16: Updating Maven Project] INFO  o.e.m.j.i.AbstractJavaProjectConfigurator - Adding resource folder /Spring_Dependency_Injection/src/test/resources
2023-10-26 13:11:32,664 [Worker-16: Updating Maven Project] INFO  o.e.m.c.i.p.ProjectConfigurationManager - Update completed for 1 poms: local refresh takes 0.00 sec, refresh facades takes 0.00 sec, update config takes 0.00 sec 
2023-10-26 13:11:32,670 [Worker-24: Updating Maven Project] INFO  o.e.m.c.i.p.ProjectConfigurationManager - Update started
2023-10-26 13:11:32,795 [Worker-24: Updating Maven Project] INFO  o.e.m.c.i.l.LifecycleMappingFactory - Using org.eclipse.m2e.jdt.JarLifecycleMapping lifecycle mapping for MavenProject: org.Ramesh:Spring_Dependency_Injection:0.0.1-SNAPSHOT @ D:\Java Work Space\Springs________2\Spring_Dependency_Injection\pom.xml.
2023-10-26 13:11:33,134 [Worker-24: Updating Maven Project] INFO  o.e.m.j.i.AbstractJavaProjectConfigurator - Adding source folder /Spring_Dependency_Injection/src/main/java
2023-10-26 13:11:33,134 [Worker-24: Updating Maven Project] INFO  o.e.m.j.i.AbstractJavaProjectConfigurator - Adding resource folder /Spring_Dependency_Injection/src/main/resources
2023-10-26 13:11:33,135 [Worker-24: Updating Maven Project] INFO  o.e.m.j.i.AbstractJavaProjectConfigurator - Adding source folder /Spring_Dependency_Injection/src/test/java
2023-10-26 13:11:33,136 [Worker-24: Updating Maven Project] INFO  o.e.m.j.i.AbstractJavaProjectConfigurator - Adding resource folder /Spring_Dependency_Injection/src/test/resources
2023-10-26 13:11:33,287 [Worker-24: Updating Maven Project] INFO  o.e.m.c.i.p.ProjectConfigurationManager - Update completed for 1 poms: local refresh takes 0.00 sec, refresh facades takes 0.00 sec, update config takes 0.00 sec 
2023-10-26 13:11:33,300 [Worker-24: Updating Maven Project] INFO  o.e.m.c.i.p.ProjectConfigurationManager - Update started
2023-10-26 13:11:33,505 [Worker-24: Updating Maven Project] INFO  o.e.m.c.i.l.LifecycleMappingFactory - Using org.eclipse.m2e.jdt.JarLifecycleMapping lifecycle mapping for MavenProject: org.Ramesh:Spring_Dependency_Injection:0.0.1-SNAPSHOT @ D:\Java Work Space\Springs________2\Spring_Dependency_Injection\pom.xml.
2023-10-26 13:11:33,823 [Worker-24: Updating Maven Project] INFO  o.e.m.j.i.AbstractJavaProjectConfigurator - Adding source folder /Spring_Dependency_Injection/src/main/java
2023-10-26 13:11:33,824 [Worker-24: Updating Maven Project] INFO  o.e.m.j.i.AbstractJavaProjectConfigurator - Adding resource folder /Spring_Dependency_Injection/src/main/resources
2023-10-26 13:11:33,824 [Worker-24: Updating Maven Project] INFO  o.e.m.j.i.AbstractJavaProjectConfigurator - Adding source folder /Spring_Dependency_Injection/src/test/java
2023-10-26 13:11:33,824 [Worker-24: Updating Maven Project] INFO  o.e.m.j.i.AbstractJavaProjectConfigurator - Adding resource folder /Spring_Dependency_Injection/src/test/resources
2023-10-26 13:11:33,950 [Worker-24: Updating Maven Project] INFO  o.e.m.c.i.p.ProjectConfigurationManager - Update completed for 1 poms: local refresh takes 0.00 sec, refresh facades takes 0.00 sec, update config takes 0.00 sec 
2023-10-26 13:11:33,955 [Worker-15: Updating Maven Project] INFO  o.e.m.c.i.p.ProjectConfigurationManager - Update started
2023-10-26 13:11:34,118 [Worker-15: Updating Maven Project] INFO  o.e.m.c.i.l.LifecycleMappingFactory - Using org.eclipse.m2e.jdt.JarLifecycleMapping lifecycle mapping for MavenProject: org.ramesh.reddy:User_Application_Project:0.0.1-SNAPSHOT @ D:\Java Work Space\Springs________2\User_Application_Project\pom.xml.
2023-10-26 13:11:34,593 [Worker-15: Updating Maven Project] INFO  o.e.m.j.i.AbstractJavaProjectConfigurator - Adding source folder /User_Application_Project/src/main/java
2023-10-26 13:11:34,593 [Worker-15: Updating Maven Project] INFO  o.e.m.j.i.AbstractJavaProjectConfigurator - Adding resource folder /User_Application_Project/src/main/resources
2023-10-26 13:11:34,594 [Worker-15: Updating Maven Project] INFO  o.e.m.j.i.AbstractJavaProjectConfigurator - Adding source folder /User_Application_Project/src/test/java
2023-10-26 13:11:34,594 [Worker-15: Updating Maven Project] INFO  o.e.m.j.i.AbstractJavaProjectConfigurator - Adding resource folder /User_Application_Project/src/test/resources
2023-10-26 13:11:34,831 [Worker-15: Updating Maven Project] INFO  o.e.m.c.i.p.ProjectConfigurationManager - Update completed for 1 poms: local refresh takes 0.00 sec, refresh facades takes 0.00 sec, update config takes 0.00 sec 
2023-10-26 13:11:34,836 [Worker-1: Updating Maven Project] INFO  o.e.m.c.i.p.ProjectConfigurationManager - Update started
2023-10-26 13:11:34,924 [Worker-1: Updating Maven Project] INFO  o.e.m.c.i.l.LifecycleMappingFactory - Using org.eclipse.m2e.jdt.JarLifecycleMapping lifecycle mapping for MavenProject: org.ramesh.reddy:User_Application_Project:0.0.1-SNAPSHOT @ D:\Java Work Space\Springs________2\User_Application_Project\pom.xml.
2023-10-26 13:11:35,209 [Worker-1: Updating Maven Project] INFO  o.e.m.j.i.AbstractJavaProjectConfigurator - Adding source folder /User_Application_Project/src/main/java
2023-10-26 13:11:35,210 [Worker-1: Updating Maven Project] INFO  o.e.m.j.i.AbstractJavaProjectConfigurator - Adding resource folder /User_Application_Project/src/main/resources
2023-10-26 13:11:35,211 [Worker-1: Updating Maven Project] INFO  o.e.m.j.i.AbstractJavaProjectConfigurator - Adding source folder /User_Application_Project/src/test/java
2023-10-26 13:11:35,211 [Worker-1: Updating Maven Project] INFO  o.e.m.j.i.AbstractJavaProjectConfigurator - Adding resource folder /User_Application_Project/src/test/resources
2023-10-26 13:11:35,437 [Worker-1: Updating Maven Project] INFO  o.e.m.c.i.p.ProjectConfigurationManager - Update completed for 1 poms: local refresh takes 0.00 sec, refresh facades takes 0.00 sec, update config takes 0.00 sec 
2023-10-26 13:11:35,442 [Worker-19: Updating Maven Project] INFO  o.e.m.c.i.p.ProjectConfigurationManager - Update started
2023-10-26 13:11:35,567 [Worker-19: Updating Maven Project] INFO  o.e.m.c.i.l.LifecycleMappingFactory - Using org.eclipse.m2e.jdt.JarLifecycleMapping lifecycle mapping for MavenProject: org.ramesh.reddy:User_Application_Project:0.0.1-SNAPSHOT @ D:\Java Work Space\Springs________2\User_Application_Project\pom.xml.
2023-10-26 13:11:36,102 [Worker-19: Updating Maven Project] INFO  o.e.m.j.i.AbstractJavaProjectConfigurator - Adding source folder /User_Application_Project/src/main/java
2023-10-26 13:11:36,103 [Worker-19: Updating Maven Project] INFO  o.e.m.j.i.AbstractJavaProjectConfigurator - Adding resource folder /User_Application_Project/src/main/resources
2023-10-26 13:11:36,104 [Worker-19: Updating Maven Project] INFO  o.e.m.j.i.AbstractJavaProjectConfigurator - Adding source folder /User_Application_Project/src/test/java
2023-10-26 13:11:36,104 [Worker-19: Updating Maven Project] INFO  o.e.m.j.i.AbstractJavaProjectConfigurator - Adding resource folder /User_Application_Project/src/test/resources
2023-10-26 13:11:36,387 [Worker-19: Updating Maven Project] INFO  o.e.m.c.i.p.ProjectConfigurationManager - Update completed for 1 poms: local refresh takes 0.00 sec, refresh facades takes 0.00 sec, update config takes 0.00 sec 
2023-10-26 13:11:36,393 [Worker-3: Updating Maven Project] INFO  o.e.m.c.i.p.ProjectConfigurationManager - Update started
2023-10-26 13:11:36,497 [Worker-3: Updating Maven Project] INFO  o.e.m.c.i.l.LifecycleMappingFactory - Using org.eclipse.m2e.jdt.JarLifecycleMapping lifecycle mapping for MavenProject: org.ramesh.reddy:User_Application_Project:0.0.1-SNAPSHOT @ D:\Java Work Space\Springs________2\User_Application_Project\pom.xml.
2023-10-26 13:11:36,809 [Worker-3: Updating Maven Project] INFO  o.e.m.j.i.AbstractJavaProjectConfigurator - Adding source folder /User_Application_Project/src/main/java
2023-10-26 13:11:36,810 [Worker-3: Updating Maven Project] INFO  o.e.m.j.i.AbstractJavaProjectConfigurator - Adding resource folder /User_Application_Project/src/main/resources
2023-10-26 13:11:36,810 [Worker-3: Updating Maven Project] INFO  o.e.m.j.i.AbstractJavaProjectConfigurator - Adding source folder /User_Application_Project/src/test/java
2023-10-26 13:11:36,810 [Worker-3: Updating Maven Project] INFO  o.e.m.j.i.AbstractJavaProjectConfigurator - Adding resource folder /User_Application_Project/src/test/resources
2023-10-26 13:11:37,004 [Worker-3: Updating Maven Project] INFO  o.e.m.c.i.p.ProjectConfigurationManager - Update completed for 1 poms: local refresh takes 0.00 sec, refresh facades takes 0.00 sec, update config takes 0.00 sec 
2023-10-26 13:11:37,252 [Worker-27: Building] WARN  o.a.m.s.f.DefaultMavenResourcesFiltering - Using platform encoding (Cp1252 actually) to copy filtered resources, i.e. build is platform dependent!
2023-10-26 13:11:37,254 [Worker-27: Building] INFO  o.a.m.s.f.DefaultMavenResourcesFiltering - Copying 0 resource from src\main\resources to target\classes
2023-10-26 13:11:37,259 [Worker-27: Building] WARN  o.a.m.s.f.DefaultMavenResourcesFiltering - Using platform encoding (Cp1252 actually) to copy filtered resources, i.e. build is platform dependent!
2023-10-26 13:11:37,261 [Worker-27: Building] INFO  o.a.m.s.f.DefaultMavenResourcesFiltering - Copying 0 resource from src\test\resources to target\test-classes
2023-10-26 13:11:37,661 [Worker-27: Building] INFO  o.e.m.c.i.embedder.EclipseLogger - Using 'UTF-8' encoding to copy filtered resources.
2023-10-26 13:11:37,661 [Worker-27: Building] INFO  o.e.m.c.i.embedder.EclipseLogger - skip non existing resourceDirectory D:\Java Work Space\Springs________2\Spring-demo\src\main\resources
2023-10-26 13:11:37,664 [Worker-27: Building] INFO  o.e.m.c.i.embedder.EclipseLogger - Using 'UTF-8' encoding to copy filtered resources.
2023-10-26 13:11:37,664 [Worker-27: Building] INFO  o.e.m.c.i.embedder.EclipseLogger - skip non existing resourceDirectory D:\Java Work Space\Springs________2\Spring-demo\src\test\resources
2023-10-26 13:11:38,328 [Worker-27: Building] WARN  o.a.m.s.f.DefaultMavenResourcesFiltering - Using platform encoding (Cp1252 actually) to copy filtered resources, i.e. build is platform dependent!
2023-10-26 13:11:38,330 [Worker-27: Building] INFO  o.a.m.s.f.DefaultMavenResourcesFiltering - Copying 0 resource from src\main\resources to target\classes
2023-10-26 13:11:38,333 [Worker-27: Building] WARN  o.a.m.s.f.DefaultMavenResourcesFiltering - Using platform encoding (Cp1252 actually) to copy filtered resources, i.e. build is platform dependent!
2023-10-26 13:11:38,335 [Worker-27: Building] INFO  o.a.m.s.f.DefaultMavenResourcesFiltering - Copying 0 resource from src\test\resources to target\test-classes
2023-10-26 13:11:38,467 [Worker-27: Building] WARN  o.a.m.s.f.DefaultMavenResourcesFiltering - Using platform encoding (Cp1252 actually) to copy filtered resources, i.e. build is platform dependent!
2023-10-26 13:11:38,469 [Worker-27: Building] INFO  o.a.m.s.f.DefaultMavenResourcesFiltering - Copying 1 resource from src\main\resources to target\classes
2023-10-26 13:11:38,484 [Worker-27: Building] WARN  o.a.m.s.f.DefaultMavenResourcesFiltering - Using platform encoding (Cp1252 actually) to copy filtered resources, i.e. build is platform dependent!
2023-10-26 13:11:38,485 [Worker-27: Building] INFO  o.a.m.s.f.DefaultMavenResourcesFiltering - Copying 0 resource from src\test\resources to target\test-classes
